<?xml version="1.0" encoding="UTF-8"?>
<testsuite name="com.BridgeLabz.employeePayRoll.NIOFileAPITest" tests="1" skipped="0" failures="0" errors="0" timestamp="2022-03-11T13:52:52" hostname="DESKTOP-7O2OJUS" time="0.114">
  <properties/>
  <testcase name="givenPathWhenCheckedThenConfirm()" classname="com.BridgeLabz.employeePayRoll.NIOFileAPITest" time="0.114"/>
  <system-out><![CDATA[C:\Users\Shree\TempPlayGround\temp1
C:\Users\Shree\TempPlayGround\temp2
C:\Users\Shree\TempPlayGround\temp3
C:\Users\Shree\TempPlayGround\temp4
C:\Users\Shree\TempPlayGround\temp5
C:\Users\Shree\TempPlayGround\temp6
C:\Users\Shree\TempPlayGround\temp7
C:\Users\Shree\TempPlayGround\temp8
C:\Users\Shree\TempPlayGround\temp9
C:\Users\Shree\TempPlayGround\temp1
C:\Users\Shree\TempPlayGround\temp2
C:\Users\Shree\TempPlayGround\temp3
C:\Users\Shree\TempPlayGround\temp4
C:\Users\Shree\TempPlayGround\temp5
C:\Users\Shree\TempPlayGround\temp6
C:\Users\Shree\TempPlayGround\temp7
C:\Users\Shree\TempPlayGround\temp8
C:\Users\Shree\TempPlayGround\temp9
]]></system-out>
  <system-err><![CDATA[]]></system-err>
</testsuite>
